<?xml version="1.0" encoding="UTF-8"?>
<!-- Generated by org.testng.reporters.JUnitReportReporter -->
<testsuite hostname="LAPTOP-MCD2560Q" failures="0" tests="1" name="TestCases.Login_Page_Puma" time="17.079" errors="0" timestamp="13 Dec 2023 04:56:13 GMT" skipped="0">
  <testcase classname="TestCases.Login_Page_Puma" name="Tc_Login_001" time="17.079"/>
</testsuite> <!-- TestCases.Login_Page_Puma -->
