<?xml version="1.0" encoding="UTF-8"?>
<!-- Generated by org.testng.reporters.JUnitReportReporter -->
<testsuite hostname="LAPTOP-MCD2560Q" failures="0" tests="2" name="LoginTestCase.LoginPuma" time="35.015" errors="0" timestamp="2023-12-19T09:57:30 IST" skipped="0">
  <testcase classname="LoginTestCase.LoginPuma" name="Tc_001_Login_Puma" time="20.974"/>
  <system-out/>
  <testcase classname="LoginTestCase.LoginPuma" name="TC_002" time="14.041"/>
  <system-out/>
</testsuite> <!-- LoginTestCase.LoginPuma -->
