<?xml version="1.0" encoding="UTF-8"?>
<!-- Generated by org.testng.reporters.JUnitReportReporter -->
<testsuite hostname="LAPTOP-MCD2560Q" failures="0" tests="3" name="TestCases.TC_001_LoginPagePuma" time="22.472" errors="0" timestamp="13 Dec 2023 09:41:07 GMT" skipped="0">
  <testcase classname="TestCases.TC_001_LoginPagePuma" name="Tc_001_Login" time="8.221"/>
  <testcase classname="TestCases.TC_001_LoginPagePuma" name="Tc_001_Login" time="6.077"/>
  <testcase classname="TestCases.TC_001_LoginPagePuma" name="Tc_001_Login" time="8.174"/>
</testsuite> <!-- TestCases.TC_001_LoginPagePuma -->
